0 info it worked if it ends with ok
1 verbose cli [ '/usr/local/bin/node', '/usr/local/bin/npm', 'install' ]
2 info using npm@3.6.0
3 info using node@v5.7.0
4 silly loadCurrentTree Starting
5 silly install loadCurrentTree
6 silly install readLocalPackageData
7 silly install normalizeTree
8 silly loadCurrentTree Finishing
9 silly loadIdealTree Starting
10 silly install loadIdealTree
11 silly cloneCurrentTree Starting
12 silly install cloneCurrentTreeToIdealTree
13 silly cloneCurrentTree Finishing
14 silly loadShrinkwrap Starting
15 silly install loadShrinkwrap
16 silly loadShrinkwrap Finishing
17 silly loadAllDepsIntoIdealTree Starting
18 silly install loadAllDepsIntoIdealTree
19 silly loadAllDepsIntoIdealTree Finishing
20 silly idealTree:prePrune full-stack-web@1.0.0
20 silly idealTree:prePrune ├── abbrev@1.0.7
20 silly idealTree:prePrune ├── acorn@1.2.2
20 silly idealTree:prePrune ├── agent-base@1.0.2
20 silly idealTree:prePrune ├── align-text@0.1.4
20 silly idealTree:prePrune ├── alter@0.2.0
20 silly idealTree:prePrune ├── amdefine@1.0.0
20 silly idealTree:prePrune ├── ansi-regex@0.2.1
20 silly idealTree:prePrune ├── ansi-styles@1.1.0
20 silly idealTree:prePrune ├── ansi@0.3.1
20 silly idealTree:prePrune ├── archy@0.0.2
20 silly idealTree:prePrune ├─┬ argparse@0.1.16
20 silly idealTree:prePrune │ └── underscore.string@2.4.0
20 silly idealTree:prePrune ├── array-find-index@1.0.1
20 silly idealTree:prePrune ├── asn1@0.2.3
20 silly idealTree:prePrune ├── assert-plus@0.2.0
20 silly idealTree:prePrune ├── ast-traverse@0.1.1
20 silly idealTree:prePrune ├── ast-types@0.3.38
20 silly idealTree:prePrune ├── async@0.1.22
20 silly idealTree:prePrune ├── aws-sign2@0.6.0
20 silly idealTree:prePrune ├── balanced-match@0.3.0
20 silly idealTree:prePrune ├── binary@0.3.0
20 silly idealTree:prePrune ├── bl@1.0.3
20 silly idealTree:prePrune ├── block-stream@0.0.8
20 silly idealTree:prePrune ├── boom@2.10.1
20 silly idealTree:prePrune ├─┬ bower@0.6.8
20 silly idealTree:prePrune │ ├── glob@3.1.21
20 silly idealTree:prePrune │ ├── inherits@1.0.2
20 silly idealTree:prePrune │ ├── lodash@0.9.2
20 silly idealTree:prePrune │ ├── minimatch@0.2.14
20 silly idealTree:prePrune │ ├── mkdirp@0.3.5
20 silly idealTree:prePrune │ ├── nopt@2.0.0
20 silly idealTree:prePrune │ ├─┬ request@2.11.4
20 silly idealTree:prePrune │ │ ├─┬ form-data@0.0.3
20 silly idealTree:prePrune │ │ │ ├── async@0.1.9
20 silly idealTree:prePrune │ │ │ └─┬ combined-stream@0.0.3
20 silly idealTree:prePrune │ │ │   └── delayed-stream@0.0.5
20 silly idealTree:prePrune │ │ └── mime@1.2.7
20 silly idealTree:prePrune │ ├─┬ rimraf@2.0.3
20 silly idealTree:prePrune │ │ └── graceful-fs@1.1.14
20 silly idealTree:prePrune │ └── semver@1.1.4
20 silly idealTree:prePrune ├── brace-expansion@1.1.3
20 silly idealTree:prePrune ├── breakable@1.0.0
20 silly idealTree:prePrune ├── browserify-zlib@0.1.4
20 silly idealTree:prePrune ├── buffers@0.1.1
20 silly idealTree:prePrune ├── builtin-modules@1.1.1
20 silly idealTree:prePrune ├── camelcase-keys@2.1.0
20 silly idealTree:prePrune ├── camelcase@2.1.1
20 silly idealTree:prePrune ├── caseless@0.11.0
20 silly idealTree:prePrune ├── center-align@0.1.3
20 silly idealTree:prePrune ├── chainsaw@0.1.0
20 silly idealTree:prePrune ├── chalk@0.5.1
20 silly idealTree:prePrune ├── checkstyle-formatter@1.0.0
20 silly idealTree:prePrune ├─┬ clean-css@3.4.11
20 silly idealTree:prePrune │ └── source-map@0.4.4
20 silly idealTree:prePrune ├── cli@0.6.6
20 silly idealTree:prePrune ├── cliui@2.1.0
20 silly idealTree:prePrune ├── co@3.0.6
20 silly idealTree:prePrune ├── coffee-script@1.3.3
20 silly idealTree:prePrune ├── colors@0.6.2
20 silly idealTree:prePrune ├── combined-stream@1.0.5
20 silly idealTree:prePrune ├── commander@2.8.1
20 silly idealTree:prePrune ├─┬ commoner@0.10.4
20 silly idealTree:prePrune │ ├── glob@5.0.15
20 silly idealTree:prePrune │ ├── graceful-fs@4.1.3
20 silly idealTree:prePrune │ ├── iconv-lite@0.4.13
20 silly idealTree:prePrune │ └── minimatch@3.0.0
20 silly idealTree:prePrune ├── component-emitter@1.1.2
20 silly idealTree:prePrune ├── concat-map@0.0.1
20 silly idealTree:prePrune ├── concat-stream@1.5.1
20 silly idealTree:prePrune ├── config-chain@0.3.4
20 silly idealTree:prePrune ├── console-browserify@1.1.0
20 silly idealTree:prePrune ├── cookiejar@2.0.1
20 silly idealTree:prePrune ├── core-util-is@1.0.2
20 silly idealTree:prePrune ├── cryptiles@2.0.5
20 silly idealTree:prePrune ├── ctype@0.5.3
20 silly idealTree:prePrune ├─┬ dashdash@1.13.0
20 silly idealTree:prePrune │ └── assert-plus@1.0.0
20 silly idealTree:prePrune ├── data-uri-to-buffer@0.0.4
20 silly idealTree:prePrune ├── date-now@0.1.4
20 silly idealTree:prePrune ├── dateformat@1.0.2-1.2.3
20 silly idealTree:prePrune ├── debug@0.7.4
20 silly idealTree:prePrune ├── decamelize@1.2.0
20 silly idealTree:prePrune ├── defined@1.0.0
20 silly idealTree:prePrune ├─┬ defs@1.1.1
20 silly idealTree:prePrune │ ├── camelcase@1.2.1
20 silly idealTree:prePrune │ ├── esprima-fb@15001.1001.0-dev-harmony-fb
20 silly idealTree:prePrune │ ├── window-size@0.1.4
20 silly idealTree:prePrune │ └── yargs@3.27.0
20 silly idealTree:prePrune ├─┬ degenerator@1.0.2
20 silly idealTree:prePrune │ └── esprima@2.3.0
20 silly idealTree:prePrune ├── delayed-stream@1.0.0
20 silly idealTree:prePrune ├── detective@4.3.1
20 silly idealTree:prePrune ├── diff@1.0.8
20 silly idealTree:prePrune ├─┬ dom-serializer@0.1.0
20 silly idealTree:prePrune │ ├── domelementtype@1.1.3
20 silly idealTree:prePrune │ └── entities@1.1.1
20 silly idealTree:prePrune ├── domelementtype@1.3.0
20 silly idealTree:prePrune ├── domhandler@2.3.0
20 silly idealTree:prePrune ├── domutils@1.5.1
20 silly idealTree:prePrune ├── ecc-jsbn@0.1.1
20 silly idealTree:prePrune ├── entities@1.0.0
20 silly idealTree:prePrune ├── error-ex@1.3.0
20 silly idealTree:prePrune ├── escape-string-regexp@1.0.5
20 silly idealTree:prePrune ├─┬ escodegen@1.3.3
20 silly idealTree:prePrune │ ├── esprima@1.1.1
20 silly idealTree:prePrune │ └── source-map@0.1.43
20 silly idealTree:prePrune ├── esprima@1.0.4
20 silly idealTree:prePrune ├── estraverse@1.5.1
20 silly idealTree:prePrune ├── esutils@1.0.0
20 silly idealTree:prePrune ├── eventemitter2@0.4.14
20 silly idealTree:prePrune ├── exit@0.1.2
20 silly idealTree:prePrune ├── extend@3.0.0
20 silly idealTree:prePrune ├─┬ extract-zip@1.5.0
20 silly idealTree:prePrune │ └── concat-stream@1.5.0
20 silly idealTree:prePrune ├── extsprintf@1.0.2
20 silly idealTree:prePrune ├── eyes@0.1.8
20 silly idealTree:prePrune ├── faye-websocket@0.4.4
20 silly idealTree:prePrune ├── fd-slicer@1.0.1
20 silly idealTree:prePrune ├── figures@1.5.0
20 silly idealTree:prePrune ├── file-uri-to-path@0.0.2
20 silly idealTree:prePrune ├── find-up@1.1.2
20 silly idealTree:prePrune ├── findup-sync@0.1.3
20 silly idealTree:prePrune ├── forever-agent@0.6.1
20 silly idealTree:prePrune ├─┬ form-data@1.0.0-rc4
20 silly idealTree:prePrune │ └── async@1.5.2
20 silly idealTree:prePrune ├── formidable@1.0.14
20 silly idealTree:prePrune ├─┬ fs-extra@0.26.7
20 silly idealTree:prePrune │ └── graceful-fs@4.1.3
20 silly idealTree:prePrune ├─┬ fstream@0.1.31
20 silly idealTree:prePrune │ └── graceful-fs@3.0.8
20 silly idealTree:prePrune ├─┬ ftp@0.3.10
20 silly idealTree:prePrune │ ├── isarray@0.0.1
20 silly idealTree:prePrune │ └── readable-stream@1.1.13
20 silly idealTree:prePrune ├── gaze@0.5.2
20 silly idealTree:prePrune ├── generate-function@2.0.0
20 silly idealTree:prePrune ├── generate-object-property@1.2.0
20 silly idealTree:prePrune ├── get-stdin@4.0.1
20 silly idealTree:prePrune ├─┬ get-uri@0.1.4
20 silly idealTree:prePrune │ └── debug@2.2.0
20 silly idealTree:prePrune ├── getobject@0.1.0
20 silly idealTree:prePrune ├── glob@3.2.11
20 silly idealTree:prePrune ├─┬ globule@0.1.0
20 silly idealTree:prePrune │ ├── glob@3.1.21
20 silly idealTree:prePrune │ ├── inherits@1.0.2
20 silly idealTree:prePrune │ ├── lodash@1.0.2
20 silly idealTree:prePrune │ └── minimatch@0.2.14
20 silly idealTree:prePrune ├── graceful-fs@1.2.3
20 silly idealTree:prePrune ├── graceful-readlink@1.0.1
20 silly idealTree:prePrune ├── grunt-cli@0.1.13
20 silly idealTree:prePrune ├── grunt-contrib-concat@0.5.1
20 silly idealTree:prePrune ├─┬ grunt-contrib-cssmin@0.14.0
20 silly idealTree:prePrune │ ├── ansi-regex@2.0.0
20 silly idealTree:prePrune │ ├── ansi-styles@2.2.1
20 silly idealTree:prePrune │ ├── chalk@1.1.3
20 silly idealTree:prePrune │ ├── has-ansi@2.0.0
20 silly idealTree:prePrune │ ├── strip-ansi@3.0.1
20 silly idealTree:prePrune │ └── supports-color@2.0.0
20 silly idealTree:prePrune ├── grunt-contrib-jshint@0.11.3
20 silly idealTree:prePrune ├── grunt-contrib-qunit@0.7.0
20 silly idealTree:prePrune ├─┬ grunt-contrib-uglify@0.5.1
20 silly idealTree:prePrune │ ├── gzip-size@0.2.0
20 silly idealTree:prePrune │ ├── maxmin@0.2.2
20 silly idealTree:prePrune │ └── pretty-bytes@0.1.2
20 silly idealTree:prePrune ├─┬ grunt-contrib-watch@0.6.1
20 silly idealTree:prePrune │ └── async@0.2.10
20 silly idealTree:prePrune ├─┬ grunt-legacy-log-utils@0.1.1
20 silly idealTree:prePrune │ └── underscore.string@2.3.3
20 silly idealTree:prePrune ├─┬ grunt-legacy-log@0.1.3
20 silly idealTree:prePrune │ └── underscore.string@2.3.3
20 silly idealTree:prePrune ├─┬ grunt-legacy-util@0.2.0
20 silly idealTree:prePrune │ └── lodash@0.9.2
20 silly idealTree:prePrune ├─┬ grunt-lib-phantomjs@0.6.0
20 silly idealTree:prePrune │ └── semver@1.0.14
20 silly idealTree:prePrune ├─┬ grunt-w3c-html-validation@0.1.8
20 silly idealTree:prePrune │ ├── asn1@0.1.11
20 silly idealTree:prePrune │ ├── assert-plus@0.1.5
20 silly idealTree:prePrune │ ├── async@0.9.2
20 silly idealTree:prePrune │ ├── aws-sign2@0.5.0
20 silly idealTree:prePrune │ ├── boom@0.4.2
20 silly idealTree:prePrune │ ├── combined-stream@0.0.7
20 silly idealTree:prePrune │ ├── cryptiles@0.2.2
20 silly idealTree:prePrune │ ├── delayed-stream@0.0.5
20 silly idealTree:prePrune │ ├── forever-agent@0.5.2
20 silly idealTree:prePrune │ ├── form-data@0.1.4
20 silly idealTree:prePrune │ ├── hawk@1.1.1
20 silly idealTree:prePrune │ ├── hoek@0.9.1
20 silly idealTree:prePrune │ ├── http-signature@0.10.1
20 silly idealTree:prePrune │ ├── mime-types@1.0.2
20 silly idealTree:prePrune │ ├── oauth-sign@0.3.0
20 silly idealTree:prePrune │ ├── qs@1.0.2
20 silly idealTree:prePrune │ ├── request@2.40.0
20 silly idealTree:prePrune │ └── sntp@0.2.4
20 silly idealTree:prePrune ├─┬ grunt@0.4.5
20 silly idealTree:prePrune │ ├── glob@3.1.21
20 silly idealTree:prePrune │ ├── inherits@1.0.2
20 silly idealTree:prePrune │ ├── lodash@0.9.2
20 silly idealTree:prePrune │ └── minimatch@0.2.14
20 silly idealTree:prePrune ├── gzip-size@1.0.0
20 silly idealTree:prePrune ├─┬ handlebars@3.0.3
20 silly idealTree:prePrune │ ├── async@0.2.10
20 silly idealTree:prePrune │ ├── source-map@0.1.43
20 silly idealTree:prePrune │ └─┬ uglify-js@2.3.6
20 silly idealTree:prePrune │   └── optimist@0.3.7
20 silly idealTree:prePrune ├─┬ har-validator@2.0.6
20 silly idealTree:prePrune │ ├── ansi-regex@2.0.0
20 silly idealTree:prePrune │ ├── ansi-styles@2.2.1
20 silly idealTree:prePrune │ ├── chalk@1.1.3
20 silly idealTree:prePrune │ ├── commander@2.9.0
20 silly idealTree:prePrune │ ├── has-ansi@2.0.0
20 silly idealTree:prePrune │ ├── strip-ansi@3.0.1
20 silly idealTree:prePrune │ └── supports-color@2.0.0
20 silly idealTree:prePrune ├── has-ansi@0.1.0
20 silly idealTree:prePrune ├── hasha@2.2.0
20 silly idealTree:prePrune ├── hawk@3.1.3
20 silly idealTree:prePrune ├── hoek@2.16.3
20 silly idealTree:prePrune ├── hogan.js@2.0.0
20 silly idealTree:prePrune ├── hooker@0.2.3
20 silly idealTree:prePrune ├── hosted-git-info@2.1.4
20 silly idealTree:prePrune ├─┬ htmlparser2@3.8.3
20 silly idealTree:prePrune │ ├── isarray@0.0.1
20 silly idealTree:prePrune │ └── readable-stream@1.1.13
20 silly idealTree:prePrune ├─┬ http-proxy-agent@0.2.7
20 silly idealTree:prePrune │ └── debug@2.2.0
20 silly idealTree:prePrune ├── http-signature@1.1.1
20 silly idealTree:prePrune ├─┬ https-proxy-agent@0.3.6
20 silly idealTree:prePrune │ └── debug@2.2.0
20 silly idealTree:prePrune ├── iconv-lite@0.2.11
20 silly idealTree:prePrune ├── indent-string@2.1.0
20 silly idealTree:prePrune ├── inflight@1.0.4
20 silly idealTree:prePrune ├── inherits@2.0.1
20 silly idealTree:prePrune ├── ini@1.0.5
20 silly idealTree:prePrune ├── invert-kv@1.0.0
20 silly idealTree:prePrune ├── ip@0.3.3
20 silly idealTree:prePrune ├── is-absolute@0.1.7
20 silly idealTree:prePrune ├── is-arrayish@0.2.1
20 silly idealTree:prePrune ├── is-buffer@1.1.3
20 silly idealTree:prePrune ├── is-builtin-module@1.0.0
20 silly idealTree:prePrune ├── is-finite@1.0.1
20 silly idealTree:prePrune ├── is-my-json-valid@2.13.1
20 silly idealTree:prePrune ├── is-property@1.0.2
20 silly idealTree:prePrune ├── is-relative@0.1.3
20 silly idealTree:prePrune ├── is-stream@1.0.1
20 silly idealTree:prePrune ├── is-typedarray@1.0.0
20 silly idealTree:prePrune ├── is-utf8@0.2.1
20 silly idealTree:prePrune ├── isarray@1.0.0
20 silly idealTree:prePrune ├── isexe@1.1.2
20 silly idealTree:prePrune ├── isstream@0.1.2
20 silly idealTree:prePrune ├── jodid25519@1.0.2
20 silly idealTree:prePrune ├── js-yaml@2.0.5
20 silly idealTree:prePrune ├── jsbn@0.1.0
20 silly idealTree:prePrune ├─┬ jshint@2.8.0
20 silly idealTree:prePrune │ ├── lodash@3.7.0
20 silly idealTree:prePrune │ └── minimatch@2.0.10
20 silly idealTree:prePrune ├── json-schema@0.2.2
20 silly idealTree:prePrune ├── json-stringify-safe@5.0.1
20 silly idealTree:prePrune ├── jsonfile@2.2.3
20 silly idealTree:prePrune ├── jsonpointer@2.0.0
20 silly idealTree:prePrune ├── jsprim@1.2.2
20 silly idealTree:prePrune ├── kew@0.7.0
20 silly idealTree:prePrune ├── kind-of@3.0.2
20 silly idealTree:prePrune ├── klaw@1.1.3
20 silly idealTree:prePrune ├── lazy-cache@1.0.3
20 silly idealTree:prePrune ├── lcid@1.0.0
20 silly idealTree:prePrune ├─┬ load-json-file@1.1.0
20 silly idealTree:prePrune │ └── graceful-fs@4.1.3
20 silly idealTree:prePrune ├── lodash@2.4.2
20 silly idealTree:prePrune ├── longest@1.0.1
20 silly idealTree:prePrune ├── loud-rejection@1.3.0
20 silly idealTree:prePrune ├── lru-cache@2.7.3
20 silly idealTree:prePrune ├── map-obj@1.0.1
20 silly idealTree:prePrune ├─┬ maxmin@1.1.0
20 silly idealTree:prePrune │ ├── ansi-regex@2.0.0
20 silly idealTree:prePrune │ ├── ansi-styles@2.2.1
20 silly idealTree:prePrune │ ├── chalk@1.1.3
20 silly idealTree:prePrune │ ├── has-ansi@2.0.0
20 silly idealTree:prePrune │ ├── strip-ansi@3.0.1
20 silly idealTree:prePrune │ └── supports-color@2.0.0
20 silly idealTree:prePrune ├── meow@3.7.0
20 silly idealTree:prePrune ├── methods@1.0.1
20 silly idealTree:prePrune ├── mime-db@1.22.0
20 silly idealTree:prePrune ├── mime-types@2.1.10
20 silly idealTree:prePrune ├── mime@1.2.11
20 silly idealTree:prePrune ├── minimatch@0.3.0
20 silly idealTree:prePrune ├── minimist@1.2.0
20 silly idealTree:prePrune ├─┬ mkdirp@0.5.0
20 silly idealTree:prePrune │ └── minimist@0.0.8
20 silly idealTree:prePrune ├── ms@0.7.1
20 silly idealTree:prePrune ├── netmask@1.0.5
20 silly idealTree:prePrune ├── node-uuid@1.4.7
20 silly idealTree:prePrune ├── nopt@1.0.10
20 silly idealTree:prePrune ├─┬ noptify@0.0.3
20 silly idealTree:prePrune │ └── nopt@2.0.0
20 silly idealTree:prePrune ├── normalize-package-data@2.3.5
20 silly idealTree:prePrune ├── npmlog@0.1.1
20 silly idealTree:prePrune ├── number-is-nan@1.0.0
20 silly idealTree:prePrune ├── oauth-sign@0.8.1
20 silly idealTree:prePrune ├── object-assign@4.0.1
20 silly idealTree:prePrune ├── once@1.3.3
20 silly idealTree:prePrune ├─┬ optimist@0.6.1
20 silly idealTree:prePrune │ └── minimist@0.0.10
20 silly idealTree:prePrune ├── os-locale@1.4.0
20 silly idealTree:prePrune ├── os-tmpdir@1.0.1
20 silly idealTree:prePrune ├── over@0.0.5
20 silly idealTree:prePrune ├─┬ pac-proxy-agent@0.2.0
20 silly idealTree:prePrune │ ├── debug@2.2.0
20 silly idealTree:prePrune │ └── extend@1.2.1
20 silly idealTree:prePrune ├── pac-resolver@1.2.6
20 silly idealTree:prePrune ├── package@1.0.1
20 silly idealTree:prePrune ├── pako@0.2.8
20 silly idealTree:prePrune ├── parse-json@2.2.0
20 silly idealTree:prePrune ├── path-exists@2.1.0
20 silly idealTree:prePrune ├── path-is-absolute@1.0.0
20 silly idealTree:prePrune ├─┬ path-type@1.1.0
20 silly idealTree:prePrune │ └── graceful-fs@4.1.3
20 silly idealTree:prePrune ├── pend@1.2.0
20 silly idealTree:prePrune ├─┬ phantomjs@1.9.20
20 silly idealTree:prePrune │ └── which@1.2.4
20 silly idealTree:prePrune ├── pify@2.3.0
20 silly idealTree:prePrune ├── pinkie-promise@2.0.0
20 silly idealTree:prePrune ├── pinkie@2.0.4
20 silly idealTree:prePrune ├── pretty-bytes@1.0.4
20 silly idealTree:prePrune ├── private@0.1.6
20 silly idealTree:prePrune ├── process-nextick-args@1.0.6
20 silly idealTree:prePrune ├── progress@1.1.8
20 silly idealTree:prePrune ├── proto-list@1.2.4
20 silly idealTree:prePrune ├─┬ proxy-agent@1.1.1
20 silly idealTree:prePrune │ └── lru-cache@2.5.2
20 silly idealTree:prePrune ├── pullstream@0.0.4
20 silly idealTree:prePrune ├── q@1.4.1
20 silly idealTree:prePrune ├── qs@5.2.0
20 silly idealTree:prePrune ├─┬ rc@0.0.8
20 silly idealTree:prePrune │ └── optimist@0.3.7
20 silly idealTree:prePrune ├─┬ read-package-json@0.1.13
20 silly idealTree:prePrune │ ├── glob@3.1.21
20 silly idealTree:prePrune │ ├── inherits@1.0.2
20 silly idealTree:prePrune │ ├── lru-cache@2.0.4
20 silly idealTree:prePrune │ ├── minimatch@0.2.14
20 silly idealTree:prePrune │ └── semver@1.1.4
20 silly idealTree:prePrune ├── read-pkg-up@1.0.1
20 silly idealTree:prePrune ├── read-pkg@1.1.0
20 silly idealTree:prePrune ├── readable-stream@2.0.6
20 silly idealTree:prePrune ├─┬ recast@0.10.33
20 silly idealTree:prePrune │ ├── ast-types@0.8.12
20 silly idealTree:prePrune │ ├── esprima-fb@15001.1001.0-dev-harmony-fb
20 silly idealTree:prePrune │ └── source-map@0.5.3
20 silly idealTree:prePrune ├── redent@1.0.0
20 silly idealTree:prePrune ├── reduce-component@1.0.1
20 silly idealTree:prePrune ├─┬ regenerator@0.8.42
20 silly idealTree:prePrune │ └── esprima-fb@15001.1001.0-dev-harmony-fb
20 silly idealTree:prePrune ├── repeat-string@1.5.4
20 silly idealTree:prePrune ├── repeating@2.0.0
20 silly idealTree:prePrune ├── request-progress@2.0.1
20 silly idealTree:prePrune ├── request@2.67.0
20 silly idealTree:prePrune ├── resolve@0.3.1
20 silly idealTree:prePrune ├── right-align@0.1.3
20 silly idealTree:prePrune ├── rimraf@2.2.8
20 silly idealTree:prePrune ├── semver@5.1.0
20 silly idealTree:prePrune ├── shelljs@0.3.0
20 silly idealTree:prePrune ├── sigmund@1.0.1
20 silly idealTree:prePrune ├── signal-exit@2.1.2
20 silly idealTree:prePrune ├── simple-fmt@0.1.0
20 silly idealTree:prePrune ├── simple-is@0.2.0
20 silly idealTree:prePrune ├── slide@1.1.6
20 silly idealTree:prePrune ├── smart-buffer@1.0.3
20 silly idealTree:prePrune ├── sntp@1.0.9
20 silly idealTree:prePrune ├─┬ socks-proxy-agent@1.0.2
20 silly idealTree:prePrune │ └── extend@1.2.1
20 silly idealTree:prePrune ├── socks@1.1.8
20 silly idealTree:prePrune ├── source-map@0.3.0
20 silly idealTree:prePrune ├── spdx-correct@1.0.2
20 silly idealTree:prePrune ├── spdx-exceptions@1.0.4
20 silly idealTree:prePrune ├── spdx-expression-parse@1.0.2
20 silly idealTree:prePrune ├── spdx-license-ids@1.2.0
20 silly idealTree:prePrune ├── sshpk@1.7.4
20 silly idealTree:prePrune ├── stable@0.1.5
20 silly idealTree:prePrune ├── stream-buffers@0.2.6
20 silly idealTree:prePrune ├── stream-to-array@1.0.0
20 silly idealTree:prePrune ├── string_decoder@0.10.31
20 silly idealTree:prePrune ├── stringmap@0.2.2
20 silly idealTree:prePrune ├── stringset@0.2.1
20 silly idealTree:prePrune ├── stringstream@0.0.5
20 silly idealTree:prePrune ├── strip-ansi@0.3.0
20 silly idealTree:prePrune ├── strip-bom@2.0.0
20 silly idealTree:prePrune ├── strip-indent@1.0.1
20 silly idealTree:prePrune ├── strip-json-comments@1.0.4
20 silly idealTree:prePrune ├─┬ superagent-proxy@0.3.2
20 silly idealTree:prePrune │ └── debug@2.2.0
20 silly idealTree:prePrune ├─┬ superagent@0.21.0
20 silly idealTree:prePrune │ ├── async@0.9.2
20 silly idealTree:prePrune │ ├── combined-stream@0.0.7
20 silly idealTree:prePrune │ ├── debug@2.2.0
20 silly idealTree:prePrune │ ├── delayed-stream@0.0.5
20 silly idealTree:prePrune │ ├── extend@1.2.1
20 silly idealTree:prePrune │ ├── form-data@0.1.3
20 silly idealTree:prePrune │ ├── isarray@0.0.1
20 silly idealTree:prePrune │ ├── qs@1.2.0
20 silly idealTree:prePrune │ └── readable-stream@1.0.27-1
20 silly idealTree:prePrune ├── supports-color@0.2.0
20 silly idealTree:prePrune ├── tar@0.1.20
20 silly idealTree:prePrune ├── temporary@0.0.8
20 silly idealTree:prePrune ├── throttleit@1.0.0
20 silly idealTree:prePrune ├── through@2.3.8
20 silly idealTree:prePrune ├── thunkify@2.1.2
20 silly idealTree:prePrune ├─┬ tiny-lr-fork@0.0.5
20 silly idealTree:prePrune │ └── qs@0.5.6
20 silly idealTree:prePrune ├── tmp@0.0.28
20 silly idealTree:prePrune ├── tough-cookie@2.2.2
20 silly idealTree:prePrune ├── traverse@0.3.9
20 silly idealTree:prePrune ├── trim-newlines@1.0.0
20 silly idealTree:prePrune ├── tryor@0.1.2
20 silly idealTree:prePrune ├── tunnel-agent@0.4.2
20 silly idealTree:prePrune ├── tweetnacl@0.14.3
20 silly idealTree:prePrune ├── typedarray@0.0.6
20 silly idealTree:prePrune ├─┬ uglify-js@2.6.2
20 silly idealTree:prePrune │ ├── async@0.2.10
20 silly idealTree:prePrune │ └── source-map@0.5.3
20 silly idealTree:prePrune ├── uglify-to-browserify@1.0.2
20 silly idealTree:prePrune ├── underscore.string@2.2.1
20 silly idealTree:prePrune ├── underscore@1.7.0
20 silly idealTree:prePrune ├── unzip@0.0.4
20 silly idealTree:prePrune ├── util-deprecate@1.0.2
20 silly idealTree:prePrune ├── validate-npm-package-license@3.0.1
20 silly idealTree:prePrune ├── verror@1.3.6
20 silly idealTree:prePrune ├── vows@0.6.4
20 silly idealTree:prePrune ├─┬ w3cjs@0.3.0
20 silly idealTree:prePrune │ └── commander@2.6.0
20 silly idealTree:prePrune ├── which@1.0.9
20 silly idealTree:prePrune ├── window-size@0.1.0
20 silly idealTree:prePrune ├── wordwrap@0.0.2
20 silly idealTree:prePrune ├── wrappy@1.0.1
20 silly idealTree:prePrune ├── xml-escape@1.1.0
20 silly idealTree:prePrune ├── xregexp@2.0.0
20 silly idealTree:prePrune ├── xtend@4.0.1
20 silly idealTree:prePrune ├── y18n@3.2.1
20 silly idealTree:prePrune ├─┬ yargs@3.10.0
20 silly idealTree:prePrune │ └── camelcase@1.2.1
20 silly idealTree:prePrune └── yauzl@2.4.1
21 silly loadIdealTree Finishing
22 silly currentTree full-stack-web@1.0.0
22 silly currentTree ├── abbrev@1.0.7
22 silly currentTree ├── acorn@1.2.2
22 silly currentTree ├── agent-base@1.0.2
22 silly currentTree ├── align-text@0.1.4
22 silly currentTree ├── alter@0.2.0
22 silly currentTree ├── amdefine@1.0.0
22 silly currentTree ├── ansi-regex@0.2.1
22 silly currentTree ├── ansi-styles@1.1.0
22 silly currentTree ├── ansi@0.3.1
22 silly currentTree ├── archy@0.0.2
22 silly currentTree ├─┬ argparse@0.1.16
22 silly currentTree │ └── underscore.string@2.4.0
22 silly currentTree ├── array-find-index@1.0.1
22 silly currentTree ├── asn1@0.2.3
22 silly currentTree ├── assert-plus@0.2.0
22 silly currentTree ├── ast-traverse@0.1.1
22 silly currentTree ├── ast-types@0.3.38
22 silly currentTree ├── async@0.1.22
22 silly currentTree ├── aws-sign2@0.6.0
22 silly currentTree ├── balanced-match@0.3.0
22 silly currentTree ├── binary@0.3.0
22 silly currentTree ├── bl@1.0.3
22 silly currentTree ├── block-stream@0.0.8
22 silly currentTree ├── boom@2.10.1
22 silly currentTree ├─┬ bower@0.6.8
22 silly currentTree │ ├── glob@3.1.21
22 silly currentTree │ ├── inherits@1.0.2
22 silly currentTree │ ├── lodash@0.9.2
22 silly currentTree │ ├── minimatch@0.2.14
22 silly currentTree │ ├── mkdirp@0.3.5
22 silly currentTree │ ├── nopt@2.0.0
22 silly currentTree │ ├─┬ request@2.11.4
22 silly currentTree │ │ ├─┬ form-data@0.0.3
22 silly currentTree │ │ │ ├── async@0.1.9
22 silly currentTree │ │ │ └─┬ combined-stream@0.0.3
22 silly currentTree │ │ │   └── delayed-stream@0.0.5
22 silly currentTree │ │ └── mime@1.2.7
22 silly currentTree │ ├─┬ rimraf@2.0.3
22 silly currentTree │ │ └── graceful-fs@1.1.14
22 silly currentTree │ └── semver@1.1.4
22 silly currentTree ├── brace-expansion@1.1.3
22 silly currentTree ├── breakable@1.0.0
22 silly currentTree ├── browserify-zlib@0.1.4
22 silly currentTree ├── buffers@0.1.1
22 silly currentTree ├── builtin-modules@1.1.1
22 silly currentTree ├── camelcase-keys@2.1.0
22 silly currentTree ├── camelcase@2.1.1
22 silly currentTree ├── caseless@0.11.0
22 silly currentTree ├── center-align@0.1.3
22 silly currentTree ├── chainsaw@0.1.0
22 silly currentTree ├── chalk@0.5.1
22 silly currentTree ├── checkstyle-formatter@1.0.0
22 silly currentTree ├─┬ clean-css@3.4.11
22 silly currentTree │ └── source-map@0.4.4
22 silly currentTree ├── cli@0.6.6
22 silly currentTree ├── cliui@2.1.0
22 silly currentTree ├── co@3.0.6
22 silly currentTree ├── coffee-script@1.3.3
22 silly currentTree ├── colors@0.6.2
22 silly currentTree ├── combined-stream@1.0.5
22 silly currentTree ├── commander@2.8.1
22 silly currentTree ├─┬ commoner@0.10.4
22 silly currentTree │ ├── glob@5.0.15
22 silly currentTree │ ├── graceful-fs@4.1.3
22 silly currentTree │ ├── iconv-lite@0.4.13
22 silly currentTree │ └── minimatch@3.0.0
22 silly currentTree ├── component-emitter@1.1.2
22 silly currentTree ├── concat-map@0.0.1
22 silly currentTree ├── concat-stream@1.5.1
22 silly currentTree ├── config-chain@0.3.4
22 silly currentTree ├── console-browserify@1.1.0
22 silly currentTree ├── cookiejar@2.0.1
22 silly currentTree ├── core-util-is@1.0.2
22 silly currentTree ├── cryptiles@2.0.5
22 silly currentTree ├── ctype@0.5.3
22 silly currentTree ├─┬ dashdash@1.13.0
22 silly currentTree │ └── assert-plus@1.0.0
22 silly currentTree ├── data-uri-to-buffer@0.0.4
22 silly currentTree ├── date-now@0.1.4
22 silly currentTree ├── dateformat@1.0.2-1.2.3
22 silly currentTree ├── debug@0.7.4
22 silly currentTree ├── decamelize@1.2.0
22 silly currentTree ├── defined@1.0.0
22 silly currentTree ├─┬ defs@1.1.1
22 silly currentTree │ ├── camelcase@1.2.1
22 silly currentTree │ ├── esprima-fb@15001.1001.0-dev-harmony-fb
22 silly currentTree │ ├── window-size@0.1.4
22 silly currentTree │ └── yargs@3.27.0
22 silly currentTree ├─┬ degenerator@1.0.2
22 silly currentTree │ └── esprima@2.3.0
22 silly currentTree ├── delayed-stream@1.0.0
22 silly currentTree ├── detective@4.3.1
22 silly currentTree ├── diff@1.0.8
22 silly currentTree ├─┬ dom-serializer@0.1.0
22 silly currentTree │ ├── domelementtype@1.1.3
22 silly currentTree │ └── entities@1.1.1
22 silly currentTree ├── domelementtype@1.3.0
22 silly currentTree ├── domhandler@2.3.0
22 silly currentTree ├── domutils@1.5.1
22 silly currentTree ├── ecc-jsbn@0.1.1
22 silly currentTree ├── entities@1.0.0
22 silly currentTree ├── error-ex@1.3.0
22 silly currentTree ├── escape-string-regexp@1.0.5
22 silly currentTree ├─┬ escodegen@1.3.3
22 silly currentTree │ ├── esprima@1.1.1
22 silly currentTree │ └── source-map@0.1.43
22 silly currentTree ├── esprima@1.0.4
22 silly currentTree ├── estraverse@1.5.1
22 silly currentTree ├── esutils@1.0.0
22 silly currentTree ├── eventemitter2@0.4.14
22 silly currentTree ├── exit@0.1.2
22 silly currentTree ├── extend@3.0.0
22 silly currentTree ├─┬ extract-zip@1.5.0
22 silly currentTree │ └── concat-stream@1.5.0
22 silly currentTree ├── extsprintf@1.0.2
22 silly currentTree ├── eyes@0.1.8
22 silly currentTree ├── faye-websocket@0.4.4
22 silly currentTree ├── fd-slicer@1.0.1
22 silly currentTree ├── figures@1.5.0
22 silly currentTree ├── file-uri-to-path@0.0.2
22 silly currentTree ├── find-up@1.1.2
22 silly currentTree ├── findup-sync@0.1.3
22 silly currentTree ├── forever-agent@0.6.1
22 silly currentTree ├─┬ form-data@1.0.0-rc4
22 silly currentTree │ └── async@1.5.2
22 silly currentTree ├── formidable@1.0.14
22 silly currentTree ├─┬ fs-extra@0.26.7
22 silly currentTree │ └── graceful-fs@4.1.3
22 silly currentTree ├─┬ fstream@0.1.31
22 silly currentTree │ └── graceful-fs@3.0.8
22 silly currentTree ├─┬ ftp@0.3.10
22 silly currentTree │ ├── isarray@0.0.1
22 silly currentTree │ └── readable-stream@1.1.13
22 silly currentTree ├── gaze@0.5.2
22 silly currentTree ├── generate-function@2.0.0
22 silly currentTree ├── generate-object-property@1.2.0
22 silly currentTree ├── get-stdin@4.0.1
22 silly currentTree ├─┬ get-uri@0.1.4
22 silly currentTree │ └── debug@2.2.0
22 silly currentTree ├── getobject@0.1.0
22 silly currentTree ├── glob@3.2.11
22 silly currentTree ├─┬ globule@0.1.0
22 silly currentTree │ ├── glob@3.1.21
22 silly currentTree │ ├── inherits@1.0.2
22 silly currentTree │ ├── lodash@1.0.2
22 silly currentTree │ └── minimatch@0.2.14
22 silly currentTree ├── graceful-fs@1.2.3
22 silly currentTree ├── graceful-readlink@1.0.1
22 silly currentTree ├── grunt-cli@0.1.13
22 silly currentTree ├── grunt-contrib-concat@0.5.1
22 silly currentTree ├─┬ grunt-contrib-cssmin@0.14.0
22 silly currentTree │ ├── ansi-regex@2.0.0
22 silly currentTree │ ├── ansi-styles@2.2.1
22 silly currentTree │ ├── chalk@1.1.3
22 silly currentTree │ ├── has-ansi@2.0.0
22 silly currentTree │ ├── strip-ansi@3.0.1
22 silly currentTree │ └── supports-color@2.0.0
22 silly currentTree ├── grunt-contrib-jshint@0.11.3
22 silly currentTree ├── grunt-contrib-qunit@0.7.0
22 silly currentTree ├─┬ grunt-contrib-uglify@0.5.1
22 silly currentTree │ ├── gzip-size@0.2.0
22 silly currentTree │ ├── maxmin@0.2.2
22 silly currentTree │ └── pretty-bytes@0.1.2
22 silly currentTree ├─┬ grunt-contrib-watch@0.6.1
22 silly currentTree │ └── async@0.2.10
22 silly currentTree ├─┬ grunt-legacy-log-utils@0.1.1
22 silly currentTree │ └── underscore.string@2.3.3
22 silly currentTree ├─┬ grunt-legacy-log@0.1.3
22 silly currentTree │ └── underscore.string@2.3.3
22 silly currentTree ├─┬ grunt-legacy-util@0.2.0
22 silly currentTree │ └── lodash@0.9.2
22 silly currentTree ├─┬ grunt-lib-phantomjs@0.6.0
22 silly currentTree │ └── semver@1.0.14
22 silly currentTree ├─┬ grunt-w3c-html-validation@0.1.8
22 silly currentTree │ ├── asn1@0.1.11
22 silly currentTree │ ├── assert-plus@0.1.5
22 silly currentTree │ ├── async@0.9.2
22 silly currentTree │ ├── aws-sign2@0.5.0
22 silly currentTree │ ├── boom@0.4.2
22 silly currentTree │ ├── combined-stream@0.0.7
22 silly currentTree │ ├── cryptiles@0.2.2
22 silly currentTree │ ├── delayed-stream@0.0.5
22 silly currentTree │ ├── forever-agent@0.5.2
22 silly currentTree │ ├── form-data@0.1.4
22 silly currentTree │ ├── hawk@1.1.1
22 silly currentTree │ ├── hoek@0.9.1
22 silly currentTree │ ├── http-signature@0.10.1
22 silly currentTree │ ├── mime-types@1.0.2
22 silly currentTree │ ├── oauth-sign@0.3.0
22 silly currentTree │ ├── qs@1.0.2
22 silly currentTree │ ├── request@2.40.0
22 silly currentTree │ └── sntp@0.2.4
22 silly currentTree ├─┬ grunt@0.4.5
22 silly currentTree │ ├── glob@3.1.21
22 silly currentTree │ ├── inherits@1.0.2
22 silly currentTree │ ├── lodash@0.9.2
22 silly currentTree │ └── minimatch@0.2.14
22 silly currentTree ├── gzip-size@1.0.0
22 silly currentTree ├─┬ handlebars@3.0.3
22 silly currentTree │ ├── async@0.2.10
22 silly currentTree │ ├── source-map@0.1.43
22 silly currentTree │ └─┬ uglify-js@2.3.6
22 silly currentTree │   └── optimist@0.3.7
22 silly currentTree ├─┬ har-validator@2.0.6
22 silly currentTree │ ├── ansi-regex@2.0.0
22 silly currentTree │ ├── ansi-styles@2.2.1
22 silly currentTree │ ├── chalk@1.1.3
22 silly currentTree │ ├── commander@2.9.0
22 silly currentTree │ ├── has-ansi@2.0.0
22 silly currentTree │ ├── strip-ansi@3.0.1
22 silly currentTree │ └── supports-color@2.0.0
22 silly currentTree ├── has-ansi@0.1.0
22 silly currentTree ├── hasha@2.2.0
22 silly currentTree ├── hawk@3.1.3
22 silly currentTree ├── hoek@2.16.3
22 silly currentTree ├── hogan.js@2.0.0
22 silly currentTree ├── hooker@0.2.3
22 silly currentTree ├── hosted-git-info@2.1.4
22 silly currentTree ├─┬ htmlparser2@3.8.3
22 silly currentTree │ ├── isarray@0.0.1
22 silly currentTree │ └── readable-stream@1.1.13
22 silly currentTree ├─┬ http-proxy-agent@0.2.7
22 silly currentTree │ └── debug@2.2.0
22 silly currentTree ├── http-signature@1.1.1
22 silly currentTree ├─┬ https-proxy-agent@0.3.6
22 silly currentTree │ └── debug@2.2.0
22 silly currentTree ├── iconv-lite@0.2.11
22 silly currentTree ├── indent-string@2.1.0
22 silly currentTree ├── inflight@1.0.4
22 silly currentTree ├── inherits@2.0.1
22 silly currentTree ├── ini@1.0.5
22 silly currentTree ├── invert-kv@1.0.0
22 silly currentTree ├── ip@0.3.3
22 silly currentTree ├── is-absolute@0.1.7
22 silly currentTree ├── is-arrayish@0.2.1
22 silly currentTree ├── is-buffer@1.1.3
22 silly currentTree ├── is-builtin-module@1.0.0
22 silly currentTree ├── is-finite@1.0.1
22 silly currentTree ├── is-my-json-valid@2.13.1
22 silly currentTree ├── is-property@1.0.2
22 silly currentTree ├── is-relative@0.1.3
22 silly currentTree ├── is-stream@1.0.1
22 silly currentTree ├── is-typedarray@1.0.0
22 silly currentTree ├── is-utf8@0.2.1
22 silly currentTree ├── isarray@1.0.0
22 silly currentTree ├── isexe@1.1.2
22 silly currentTree ├── isstream@0.1.2
22 silly currentTree ├── jodid25519@1.0.2
22 silly currentTree ├── js-yaml@2.0.5
22 silly currentTree ├── jsbn@0.1.0
22 silly currentTree ├─┬ jshint@2.8.0
22 silly currentTree │ ├── lodash@3.7.0
22 silly currentTree │ └── minimatch@2.0.10
22 silly currentTree ├── json-schema@0.2.2
22 silly currentTree ├── json-stringify-safe@5.0.1
22 silly currentTree ├── jsonfile@2.2.3
22 silly currentTree ├── jsonpointer@2.0.0
22 silly currentTree ├── jsprim@1.2.2
22 silly currentTree ├── kew@0.7.0
22 silly currentTree ├── kind-of@3.0.2
22 silly currentTree ├── klaw@1.1.3
22 silly currentTree ├── lazy-cache@1.0.3
22 silly currentTree ├── lcid@1.0.0
22 silly currentTree ├─┬ load-json-file@1.1.0
22 silly currentTree │ └── graceful-fs@4.1.3
22 silly currentTree ├── lodash@2.4.2
22 silly currentTree ├── longest@1.0.1
22 silly currentTree ├── loud-rejection@1.3.0
22 silly currentTree ├── lru-cache@2.7.3
22 silly currentTree ├── map-obj@1.0.1
22 silly currentTree ├─┬ maxmin@1.1.0
22 silly currentTree │ ├── ansi-regex@2.0.0
22 silly currentTree │ ├── ansi-styles@2.2.1
22 silly currentTree │ ├── chalk@1.1.3
22 silly currentTree │ ├── has-ansi@2.0.0
22 silly currentTree │ ├── strip-ansi@3.0.1
22 silly currentTree │ └── supports-color@2.0.0
22 silly currentTree ├── meow@3.7.0
22 silly currentTree ├── methods@1.0.1
22 silly currentTree ├── mime-db@1.22.0
22 silly currentTree ├── mime-types@2.1.10
22 silly currentTree ├── mime@1.2.11
22 silly currentTree ├── minimatch@0.3.0
22 silly currentTree ├── minimist@1.2.0
22 silly currentTree ├─┬ mkdirp@0.5.0
22 silly currentTree │ └── minimist@0.0.8
22 silly currentTree ├── ms@0.7.1
22 silly currentTree ├── netmask@1.0.5
22 silly currentTree ├── node-uuid@1.4.7
22 silly currentTree ├── nopt@1.0.10
22 silly currentTree ├─┬ noptify@0.0.3
22 silly currentTree │ └── nopt@2.0.0
22 silly currentTree ├── normalize-package-data@2.3.5
22 silly currentTree ├── npmlog@0.1.1
22 silly currentTree ├── number-is-nan@1.0.0
22 silly currentTree ├── oauth-sign@0.8.1
22 silly currentTree ├── object-assign@4.0.1
22 silly currentTree ├── once@1.3.3
22 silly currentTree ├─┬ optimist@0.6.1
22 silly currentTree │ └── minimist@0.0.10
22 silly currentTree ├── os-locale@1.4.0
22 silly currentTree ├── os-tmpdir@1.0.1
22 silly currentTree ├── over@0.0.5
22 silly currentTree ├─┬ pac-proxy-agent@0.2.0
22 silly currentTree │ ├── debug@2.2.0
22 silly currentTree │ └── extend@1.2.1
22 silly currentTree ├── pac-resolver@1.2.6
22 silly currentTree ├── package@1.0.1
22 silly currentTree ├── pako@0.2.8
22 silly currentTree ├── parse-json@2.2.0
22 silly currentTree ├── path-exists@2.1.0
22 silly currentTree ├── path-is-absolute@1.0.0
22 silly currentTree ├─┬ path-type@1.1.0
22 silly currentTree │ └── graceful-fs@4.1.3
22 silly currentTree ├── pend@1.2.0
22 silly currentTree ├─┬ phantomjs@1.9.20
22 silly currentTree │ └── which@1.2.4
22 silly currentTree ├── pify@2.3.0
22 silly currentTree ├── pinkie-promise@2.0.0
22 silly currentTree ├── pinkie@2.0.4
22 silly currentTree ├── pretty-bytes@1.0.4
22 silly currentTree ├── private@0.1.6
22 silly currentTree ├── process-nextick-args@1.0.6
22 silly currentTree ├── progress@1.1.8
22 silly currentTree ├── proto-list@1.2.4
22 silly currentTree ├─┬ proxy-agent@1.1.1
22 silly currentTree │ └── lru-cache@2.5.2
22 silly currentTree ├── pullstream@0.0.4
22 silly currentTree ├── q@1.4.1
22 silly currentTree ├── qs@5.2.0
22 silly currentTree ├─┬ rc@0.0.8
22 silly currentTree │ └── optimist@0.3.7
22 silly currentTree ├─┬ read-package-json@0.1.13
22 silly currentTree │ ├── glob@3.1.21
22 silly currentTree │ ├── inherits@1.0.2
22 silly currentTree │ ├── lru-cache@2.0.4
22 silly currentTree │ ├── minimatch@0.2.14
22 silly currentTree │ └── semver@1.1.4
22 silly currentTree ├── read-pkg-up@1.0.1
22 silly currentTree ├── read-pkg@1.1.0
22 silly currentTree ├── readable-stream@2.0.6
22 silly currentTree ├─┬ recast@0.10.33
22 silly currentTree │ ├── ast-types@0.8.12
22 silly currentTree │ ├── esprima-fb@15001.1001.0-dev-harmony-fb
22 silly currentTree │ └── source-map@0.5.3
22 silly currentTree ├── redent@1.0.0
22 silly currentTree ├── reduce-component@1.0.1
22 silly currentTree ├─┬ regenerator@0.8.42
22 silly currentTree │ └── esprima-fb@15001.1001.0-dev-harmony-fb
22 silly currentTree ├── repeat-string@1.5.4
22 silly currentTree ├── repeating@2.0.0
22 silly currentTree ├── request-progress@2.0.1
22 silly currentTree ├── request@2.67.0
22 silly currentTree ├── resolve@0.3.1
22 silly currentTree ├── right-align@0.1.3
22 silly currentTree ├── rimraf@2.2.8
22 silly currentTree ├── semver@5.1.0
22 silly currentTree ├── shelljs@0.3.0
22 silly currentTree ├── sigmund@1.0.1
22 silly currentTree ├── signal-exit@2.1.2
22 silly currentTree ├── simple-fmt@0.1.0
22 silly currentTree ├── simple-is@0.2.0
22 silly currentTree ├── slide@1.1.6
22 silly currentTree ├── smart-buffer@1.0.3
22 silly currentTree ├── sntp@1.0.9
22 silly currentTree ├─┬ socks-proxy-agent@1.0.2
22 silly currentTree │ └── extend@1.2.1
22 silly currentTree ├── socks@1.1.8
22 silly currentTree ├── source-map@0.3.0
22 silly currentTree ├── spdx-correct@1.0.2
22 silly currentTree ├── spdx-exceptions@1.0.4
22 silly currentTree ├── spdx-expression-parse@1.0.2
22 silly currentTree ├── spdx-license-ids@1.2.0
22 silly currentTree ├── sshpk@1.7.4
22 silly currentTree ├── stable@0.1.5
22 silly currentTree ├── stream-buffers@0.2.6
22 silly currentTree ├── stream-to-array@1.0.0
22 silly currentTree ├── string_decoder@0.10.31
22 silly currentTree ├── stringmap@0.2.2
22 silly currentTree ├── stringset@0.2.1
22 silly currentTree ├── stringstream@0.0.5
22 silly currentTree ├── strip-ansi@0.3.0
22 silly currentTree ├── strip-bom@2.0.0
22 silly currentTree ├── strip-indent@1.0.1
22 silly currentTree ├── strip-json-comments@1.0.4
22 silly currentTree ├─┬ superagent-proxy@0.3.2
22 silly currentTree │ └── debug@2.2.0
22 silly currentTree ├─┬ superagent@0.21.0
22 silly currentTree │ ├── async@0.9.2
22 silly currentTree │ ├── combined-stream@0.0.7
22 silly currentTree │ ├── debug@2.2.0
22 silly currentTree │ ├── delayed-stream@0.0.5
22 silly currentTree │ ├── extend@1.2.1
22 silly currentTree │ ├── form-data@0.1.3
22 silly currentTree │ ├── isarray@0.0.1
22 silly currentTree │ ├── qs@1.2.0
22 silly currentTree │ └── readable-stream@1.0.27-1
22 silly currentTree ├── supports-color@0.2.0
22 silly currentTree ├── tar@0.1.20
22 silly currentTree ├── temporary@0.0.8
22 silly currentTree ├── throttleit@1.0.0
22 silly currentTree ├── through@2.3.8
22 silly currentTree ├── thunkify@2.1.2
22 silly currentTree ├─┬ tiny-lr-fork@0.0.5
22 silly currentTree │ └── qs@0.5.6
22 silly currentTree ├── tmp@0.0.28
22 silly currentTree ├── tough-cookie@2.2.2
22 silly currentTree ├── traverse@0.3.9
22 silly currentTree ├── trim-newlines@1.0.0
22 silly currentTree ├── tryor@0.1.2
22 silly currentTree ├── tunnel-agent@0.4.2
22 silly currentTree ├── tweetnacl@0.14.3
22 silly currentTree ├── typedarray@0.0.6
22 silly currentTree ├─┬ uglify-js@2.6.2
22 silly currentTree │ ├── async@0.2.10
22 silly currentTree │ └── source-map@0.5.3
22 silly currentTree ├── uglify-to-browserify@1.0.2
22 silly currentTree ├── underscore.string@2.2.1
22 silly currentTree ├── underscore@1.7.0
22 silly currentTree ├── unzip@0.0.4
22 silly currentTree ├── util-deprecate@1.0.2
22 silly currentTree ├── validate-npm-package-license@3.0.1
22 silly currentTree ├── verror@1.3.6
22 silly currentTree ├── vows@0.6.4
22 silly currentTree ├─┬ w3cjs@0.3.0
22 silly currentTree │ └── commander@2.6.0
22 silly currentTree ├── which@1.0.9
22 silly currentTree ├── window-size@0.1.0
22 silly currentTree ├── wordwrap@0.0.2
22 silly currentTree ├── wrappy@1.0.1
22 silly currentTree ├── xml-escape@1.1.0
22 silly currentTree ├── xregexp@2.0.0
22 silly currentTree ├── xtend@4.0.1
22 silly currentTree ├── y18n@3.2.1
22 silly currentTree ├─┬ yargs@3.10.0
22 silly currentTree │ └── camelcase@1.2.1
22 silly currentTree └── yauzl@2.4.1
23 silly idealTree full-stack-web@1.0.0
23 silly idealTree ├── abbrev@1.0.7
23 silly idealTree ├── acorn@1.2.2
23 silly idealTree ├── agent-base@1.0.2
23 silly idealTree ├── align-text@0.1.4
23 silly idealTree ├── alter@0.2.0
23 silly idealTree ├── amdefine@1.0.0
23 silly idealTree ├── ansi-regex@0.2.1
23 silly idealTree ├── ansi-styles@1.1.0
23 silly idealTree ├── ansi@0.3.1
23 silly idealTree ├── archy@0.0.2
23 silly idealTree ├─┬ argparse@0.1.16
23 silly idealTree │ └── underscore.string@2.4.0
23 silly idealTree ├── array-find-index@1.0.1
23 silly idealTree ├── asn1@0.2.3
23 silly idealTree ├── assert-plus@0.2.0
23 silly idealTree ├── ast-traverse@0.1.1
23 silly idealTree ├── ast-types@0.3.38
23 silly idealTree ├── async@0.1.22
23 silly idealTree ├── aws-sign2@0.6.0
23 silly idealTree ├── balanced-match@0.3.0
23 silly idealTree ├── binary@0.3.0
23 silly idealTree ├── bl@1.0.3
23 silly idealTree ├── block-stream@0.0.8
23 silly idealTree ├── boom@2.10.1
23 silly idealTree ├─┬ bower@0.6.8
23 silly idealTree │ ├── glob@3.1.21
23 silly idealTree │ ├── inherits@1.0.2
23 silly idealTree │ ├── lodash@0.9.2
23 silly idealTree │ ├── minimatch@0.2.14
23 silly idealTree │ ├── mkdirp@0.3.5
23 silly idealTree │ ├── nopt@2.0.0
23 silly idealTree │ ├─┬ request@2.11.4
23 silly idealTree │ │ ├─┬ form-data@0.0.3
23 silly idealTree │ │ │ ├── async@0.1.9
23 silly idealTree │ │ │ └─┬ combined-stream@0.0.3
23 silly idealTree │ │ │   └── delayed-stream@0.0.5
23 silly idealTree │ │ └── mime@1.2.7
23 silly idealTree │ ├─┬ rimraf@2.0.3
23 silly idealTree │ │ └── graceful-fs@1.1.14
23 silly idealTree │ └── semver@1.1.4
23 silly idealTree ├── brace-expansion@1.1.3
23 silly idealTree ├── breakable@1.0.0
23 silly idealTree ├── browserify-zlib@0.1.4
23 silly idealTree ├── buffers@0.1.1
23 silly idealTree ├── builtin-modules@1.1.1
23 silly idealTree ├── camelcase-keys@2.1.0
23 silly idealTree ├── camelcase@2.1.1
23 silly idealTree ├── caseless@0.11.0
23 silly idealTree ├── center-align@0.1.3
23 silly idealTree ├── chainsaw@0.1.0
23 silly idealTree ├── chalk@0.5.1
23 silly idealTree ├── checkstyle-formatter@1.0.0
23 silly idealTree ├─┬ clean-css@3.4.11
23 silly idealTree │ └── source-map@0.4.4
23 silly idealTree ├── cli@0.6.6
23 silly idealTree ├── cliui@2.1.0
23 silly idealTree ├── co@3.0.6
23 silly idealTree ├── coffee-script@1.3.3
23 silly idealTree ├── colors@0.6.2
23 silly idealTree ├── combined-stream@1.0.5
23 silly idealTree ├── commander@2.8.1
23 silly idealTree ├─┬ commoner@0.10.4
23 silly idealTree │ ├── glob@5.0.15
23 silly idealTree │ ├── graceful-fs@4.1.3
23 silly idealTree │ ├── iconv-lite@0.4.13
23 silly idealTree │ └── minimatch@3.0.0
23 silly idealTree ├── component-emitter@1.1.2
23 silly idealTree ├── concat-map@0.0.1
23 silly idealTree ├── concat-stream@1.5.1
23 silly idealTree ├── config-chain@0.3.4
23 silly idealTree ├── console-browserify@1.1.0
23 silly idealTree ├── cookiejar@2.0.1
23 silly idealTree ├── core-util-is@1.0.2
23 silly idealTree ├── cryptiles@2.0.5
23 silly idealTree ├── ctype@0.5.3
23 silly idealTree ├─┬ dashdash@1.13.0
23 silly idealTree │ └── assert-plus@1.0.0
23 silly idealTree ├── data-uri-to-buffer@0.0.4
23 silly idealTree ├── date-now@0.1.4
23 silly idealTree ├── dateformat@1.0.2-1.2.3
23 silly idealTree ├── debug@0.7.4
23 silly idealTree ├── decamelize@1.2.0
23 silly idealTree ├── defined@1.0.0
23 silly idealTree ├─┬ defs@1.1.1
23 silly idealTree │ ├── camelcase@1.2.1
23 silly idealTree │ ├── esprima-fb@15001.1001.0-dev-harmony-fb
23 silly idealTree │ ├── window-size@0.1.4
23 silly idealTree │ └── yargs@3.27.0
23 silly idealTree ├─┬ degenerator@1.0.2
23 silly idealTree │ └── esprima@2.3.0
23 silly idealTree ├── delayed-stream@1.0.0
23 silly idealTree ├── detective@4.3.1
23 silly idealTree ├── diff@1.0.8
23 silly idealTree ├─┬ dom-serializer@0.1.0
23 silly idealTree │ ├── domelementtype@1.1.3
23 silly idealTree │ └── entities@1.1.1
23 silly idealTree ├── domelementtype@1.3.0
23 silly idealTree ├── domhandler@2.3.0
23 silly idealTree ├── domutils@1.5.1
23 silly idealTree ├── ecc-jsbn@0.1.1
23 silly idealTree ├── entities@1.0.0
23 silly idealTree ├── error-ex@1.3.0
23 silly idealTree ├── escape-string-regexp@1.0.5
23 silly idealTree ├─┬ escodegen@1.3.3
23 silly idealTree │ ├── esprima@1.1.1
23 silly idealTree │ └── source-map@0.1.43
23 silly idealTree ├── esprima@1.0.4
23 silly idealTree ├── estraverse@1.5.1
23 silly idealTree ├── esutils@1.0.0
23 silly idealTree ├── eventemitter2@0.4.14
23 silly idealTree ├── exit@0.1.2
23 silly idealTree ├── extend@3.0.0
23 silly idealTree ├─┬ extract-zip@1.5.0
23 silly idealTree │ └── concat-stream@1.5.0
23 silly idealTree ├── extsprintf@1.0.2
23 silly idealTree ├── eyes@0.1.8
23 silly idealTree ├── faye-websocket@0.4.4
23 silly idealTree ├── fd-slicer@1.0.1
23 silly idealTree ├── figures@1.5.0
23 silly idealTree ├── file-uri-to-path@0.0.2
23 silly idealTree ├── find-up@1.1.2
23 silly idealTree ├── findup-sync@0.1.3
23 silly idealTree ├── forever-agent@0.6.1
23 silly idealTree ├─┬ form-data@1.0.0-rc4
23 silly idealTree │ └── async@1.5.2
23 silly idealTree ├── formidable@1.0.14
23 silly idealTree ├─┬ fs-extra@0.26.7
23 silly idealTree │ └── graceful-fs@4.1.3
23 silly idealTree ├─┬ fstream@0.1.31
23 silly idealTree │ └── graceful-fs@3.0.8
23 silly idealTree ├─┬ ftp@0.3.10
23 silly idealTree │ ├── isarray@0.0.1
23 silly idealTree │ └── readable-stream@1.1.13
23 silly idealTree ├── gaze@0.5.2
23 silly idealTree ├── generate-function@2.0.0
23 silly idealTree ├── generate-object-property@1.2.0
23 silly idealTree ├── get-stdin@4.0.1
23 silly idealTree ├─┬ get-uri@0.1.4
23 silly idealTree │ └── debug@2.2.0
23 silly idealTree ├── getobject@0.1.0
23 silly idealTree ├── glob@3.2.11
23 silly idealTree ├─┬ globule@0.1.0
23 silly idealTree │ ├── glob@3.1.21
23 silly idealTree │ ├── inherits@1.0.2
23 silly idealTree │ ├── lodash@1.0.2
23 silly idealTree │ └── minimatch@0.2.14
23 silly idealTree ├── graceful-fs@1.2.3
23 silly idealTree ├── graceful-readlink@1.0.1
23 silly idealTree ├── grunt-cli@0.1.13
23 silly idealTree ├── grunt-contrib-concat@0.5.1
23 silly idealTree ├─┬ grunt-contrib-cssmin@0.14.0
23 silly idealTree │ ├── ansi-regex@2.0.0
23 silly idealTree │ ├── ansi-styles@2.2.1
23 silly idealTree │ ├── chalk@1.1.3
23 silly idealTree │ ├── has-ansi@2.0.0
23 silly idealTree │ ├── strip-ansi@3.0.1
23 silly idealTree │ └── supports-color@2.0.0
23 silly idealTree ├── grunt-contrib-jshint@0.11.3
23 silly idealTree ├── grunt-contrib-qunit@0.7.0
23 silly idealTree ├─┬ grunt-contrib-uglify@0.5.1
23 silly idealTree │ ├── gzip-size@0.2.0
23 silly idealTree │ ├── maxmin@0.2.2
23 silly idealTree │ └── pretty-bytes@0.1.2
23 silly idealTree ├─┬ grunt-contrib-watch@0.6.1
23 silly idealTree │ └── async@0.2.10
23 silly idealTree ├─┬ grunt-legacy-log-utils@0.1.1
23 silly idealTree │ └── underscore.string@2.3.3
23 silly idealTree ├─┬ grunt-legacy-log@0.1.3
23 silly idealTree │ └── underscore.string@2.3.3
23 silly idealTree ├─┬ grunt-legacy-util@0.2.0
23 silly idealTree │ └── lodash@0.9.2
23 silly idealTree ├─┬ grunt-lib-phantomjs@0.6.0
23 silly idealTree │ └── semver@1.0.14
23 silly idealTree ├─┬ grunt-w3c-html-validation@0.1.8
23 silly idealTree │ ├── asn1@0.1.11
23 silly idealTree │ ├── assert-plus@0.1.5
23 silly idealTree │ ├── async@0.9.2
23 silly idealTree │ ├── aws-sign2@0.5.0
23 silly idealTree │ ├── boom@0.4.2
23 silly idealTree │ ├── combined-stream@0.0.7
23 silly idealTree │ ├── cryptiles@0.2.2
23 silly idealTree │ ├── delayed-stream@0.0.5
23 silly idealTree │ ├── forever-agent@0.5.2
23 silly idealTree │ ├── form-data@0.1.4
23 silly idealTree │ ├── hawk@1.1.1
23 silly idealTree │ ├── hoek@0.9.1
23 silly idealTree │ ├── http-signature@0.10.1
23 silly idealTree │ ├── mime-types@1.0.2
23 silly idealTree │ ├── oauth-sign@0.3.0
23 silly idealTree │ ├── qs@1.0.2
23 silly idealTree │ ├── request@2.40.0
23 silly idealTree │ └── sntp@0.2.4
23 silly idealTree ├─┬ grunt@0.4.5
23 silly idealTree │ ├── glob@3.1.21
23 silly idealTree │ ├── inherits@1.0.2
23 silly idealTree │ ├── lodash@0.9.2
23 silly idealTree │ └── minimatch@0.2.14
23 silly idealTree ├── gzip-size@1.0.0
23 silly idealTree ├─┬ handlebars@3.0.3
23 silly idealTree │ ├── async@0.2.10
23 silly idealTree │ ├── source-map@0.1.43
23 silly idealTree │ └─┬ uglify-js@2.3.6
23 silly idealTree │   └── optimist@0.3.7
23 silly idealTree ├─┬ har-validator@2.0.6
23 silly idealTree │ ├── ansi-regex@2.0.0
23 silly idealTree │ ├── ansi-styles@2.2.1
23 silly idealTree │ ├── chalk@1.1.3
23 silly idealTree │ ├── commander@2.9.0
23 silly idealTree │ ├── has-ansi@2.0.0
23 silly idealTree │ ├── strip-ansi@3.0.1
23 silly idealTree │ └── supports-color@2.0.0
23 silly idealTree ├── has-ansi@0.1.0
23 silly idealTree ├── hasha@2.2.0
23 silly idealTree ├── hawk@3.1.3
23 silly idealTree ├── hoek@2.16.3
23 silly idealTree ├── hogan.js@2.0.0
23 silly idealTree ├── hooker@0.2.3
23 silly idealTree ├── hosted-git-info@2.1.4
23 silly idealTree ├─┬ htmlparser2@3.8.3
23 silly idealTree │ ├── isarray@0.0.1
23 silly idealTree │ └── readable-stream@1.1.13
23 silly idealTree ├─┬ http-proxy-agent@0.2.7
23 silly idealTree │ └── debug@2.2.0
23 silly idealTree ├── http-signature@1.1.1
23 silly idealTree ├─┬ https-proxy-agent@0.3.6
23 silly idealTree │ └── debug@2.2.0
23 silly idealTree ├── iconv-lite@0.2.11
23 silly idealTree ├── indent-string@2.1.0
23 silly idealTree ├── inflight@1.0.4
23 silly idealTree ├── inherits@2.0.1
23 silly idealTree ├── ini@1.0.5
23 silly idealTree ├── invert-kv@1.0.0
23 silly idealTree ├── ip@0.3.3
23 silly idealTree ├── is-absolute@0.1.7
23 silly idealTree ├── is-arrayish@0.2.1
23 silly idealTree ├── is-buffer@1.1.3
23 silly idealTree ├── is-builtin-module@1.0.0
23 silly idealTree ├── is-finite@1.0.1
23 silly idealTree ├── is-my-json-valid@2.13.1
23 silly idealTree ├── is-property@1.0.2
23 silly idealTree ├── is-relative@0.1.3
23 silly idealTree ├── is-stream@1.0.1
23 silly idealTree ├── is-typedarray@1.0.0
23 silly idealTree ├── is-utf8@0.2.1
23 silly idealTree ├── isarray@1.0.0
23 silly idealTree ├── isexe@1.1.2
23 silly idealTree ├── isstream@0.1.2
23 silly idealTree ├── jodid25519@1.0.2
23 silly idealTree ├── js-yaml@2.0.5
23 silly idealTree ├── jsbn@0.1.0
23 silly idealTree ├─┬ jshint@2.8.0
23 silly idealTree │ ├── lodash@3.7.0
23 silly idealTree │ └── minimatch@2.0.10
23 silly idealTree ├── json-schema@0.2.2
23 silly idealTree ├── json-stringify-safe@5.0.1
23 silly idealTree ├── jsonfile@2.2.3
23 silly idealTree ├── jsonpointer@2.0.0
23 silly idealTree ├── jsprim@1.2.2
23 silly idealTree ├── kew@0.7.0
23 silly idealTree ├── kind-of@3.0.2
23 silly idealTree ├── klaw@1.1.3
23 silly idealTree ├── lazy-cache@1.0.3
23 silly idealTree ├── lcid@1.0.0
23 silly idealTree ├─┬ load-json-file@1.1.0
23 silly idealTree │ └── graceful-fs@4.1.3
23 silly idealTree ├── lodash@2.4.2
23 silly idealTree ├── longest@1.0.1
23 silly idealTree ├── loud-rejection@1.3.0
23 silly idealTree ├── lru-cache@2.7.3
23 silly idealTree ├── map-obj@1.0.1
23 silly idealTree ├─┬ maxmin@1.1.0
23 silly idealTree │ ├── ansi-regex@2.0.0
23 silly idealTree │ ├── ansi-styles@2.2.1
23 silly idealTree │ ├── chalk@1.1.3
23 silly idealTree │ ├── has-ansi@2.0.0
23 silly idealTree │ ├── strip-ansi@3.0.1
23 silly idealTree │ └── supports-color@2.0.0
23 silly idealTree ├── meow@3.7.0
23 silly idealTree ├── methods@1.0.1
23 silly idealTree ├── mime-db@1.22.0
23 silly idealTree ├── mime-types@2.1.10
23 silly idealTree ├── mime@1.2.11
23 silly idealTree ├── minimatch@0.3.0
23 silly idealTree ├── minimist@1.2.0
23 silly idealTree ├─┬ mkdirp@0.5.0
23 silly idealTree │ └── minimist@0.0.8
23 silly idealTree ├── ms@0.7.1
23 silly idealTree ├── netmask@1.0.5
23 silly idealTree ├── node-uuid@1.4.7
23 silly idealTree ├── nopt@1.0.10
23 silly idealTree ├─┬ noptify@0.0.3
23 silly idealTree │ └── nopt@2.0.0
23 silly idealTree ├── normalize-package-data@2.3.5
23 silly idealTree ├── npmlog@0.1.1
23 silly idealTree ├── number-is-nan@1.0.0
23 silly idealTree ├── oauth-sign@0.8.1
23 silly idealTree ├── object-assign@4.0.1
23 silly idealTree ├── once@1.3.3
23 silly idealTree ├─┬ optimist@0.6.1
23 silly idealTree │ └── minimist@0.0.10
23 silly idealTree ├── os-locale@1.4.0
23 silly idealTree ├── os-tmpdir@1.0.1
23 silly idealTree ├── over@0.0.5
23 silly idealTree ├─┬ pac-proxy-agent@0.2.0
23 silly idealTree │ ├── debug@2.2.0
23 silly idealTree │ └── extend@1.2.1
23 silly idealTree ├── pac-resolver@1.2.6
23 silly idealTree ├── package@1.0.1
23 silly idealTree ├── pako@0.2.8
23 silly idealTree ├── parse-json@2.2.0
23 silly idealTree ├── path-exists@2.1.0
23 silly idealTree ├── path-is-absolute@1.0.0
23 silly idealTree ├─┬ path-type@1.1.0
23 silly idealTree │ └── graceful-fs@4.1.3
23 silly idealTree ├── pend@1.2.0
23 silly idealTree ├─┬ phantomjs@1.9.20
23 silly idealTree │ └── which@1.2.4
23 silly idealTree ├── pify@2.3.0
23 silly idealTree ├── pinkie-promise@2.0.0
23 silly idealTree ├── pinkie@2.0.4
23 silly idealTree ├── pretty-bytes@1.0.4
23 silly idealTree ├── private@0.1.6
23 silly idealTree ├── process-nextick-args@1.0.6
23 silly idealTree ├── progress@1.1.8
23 silly idealTree ├── proto-list@1.2.4
23 silly idealTree ├─┬ proxy-agent@1.1.1
23 silly idealTree │ └── lru-cache@2.5.2
23 silly idealTree ├── pullstream@0.0.4
23 silly idealTree ├── q@1.4.1
23 silly idealTree ├── qs@5.2.0
23 silly idealTree ├─┬ rc@0.0.8
23 silly idealTree │ └── optimist@0.3.7
23 silly idealTree ├─┬ read-package-json@0.1.13
23 silly idealTree │ ├── glob@3.1.21
23 silly idealTree │ ├── inherits@1.0.2
23 silly idealTree │ ├── lru-cache@2.0.4
23 silly idealTree │ ├── minimatch@0.2.14
23 silly idealTree │ └── semver@1.1.4
23 silly idealTree ├── read-pkg-up@1.0.1
23 silly idealTree ├── read-pkg@1.1.0
23 silly idealTree ├── readable-stream@2.0.6
23 silly idealTree ├─┬ recast@0.10.33
23 silly idealTree │ ├── ast-types@0.8.12
23 silly idealTree │ ├── esprima-fb@15001.1001.0-dev-harmony-fb
23 silly idealTree │ └── source-map@0.5.3
23 silly idealTree ├── redent@1.0.0
23 silly idealTree ├── reduce-component@1.0.1
23 silly idealTree ├─┬ regenerator@0.8.42
23 silly idealTree │ └── esprima-fb@15001.1001.0-dev-harmony-fb
23 silly idealTree ├── repeat-string@1.5.4
23 silly idealTree ├── repeating@2.0.0
23 silly idealTree ├── request-progress@2.0.1
23 silly idealTree ├── request@2.67.0
23 silly idealTree ├── resolve@0.3.1
23 silly idealTree ├── right-align@0.1.3
23 silly idealTree ├── rimraf@2.2.8
23 silly idealTree ├── semver@5.1.0
23 silly idealTree ├── shelljs@0.3.0
23 silly idealTree ├── sigmund@1.0.1
23 silly idealTree ├── signal-exit@2.1.2
23 silly idealTree ├── simple-fmt@0.1.0
23 silly idealTree ├── simple-is@0.2.0
23 silly idealTree ├── slide@1.1.6
23 silly idealTree ├── smart-buffer@1.0.3
23 silly idealTree ├── sntp@1.0.9
23 silly idealTree ├─┬ socks-proxy-agent@1.0.2
23 silly idealTree │ └── extend@1.2.1
23 silly idealTree ├── socks@1.1.8
23 silly idealTree ├── source-map@0.3.0
23 silly idealTree ├── spdx-correct@1.0.2
23 silly idealTree ├── spdx-exceptions@1.0.4
23 silly idealTree ├── spdx-expression-parse@1.0.2
23 silly idealTree ├── spdx-license-ids@1.2.0
23 silly idealTree ├── sshpk@1.7.4
23 silly idealTree ├── stable@0.1.5
23 silly idealTree ├── stream-buffers@0.2.6
23 silly idealTree ├── stream-to-array@1.0.0
23 silly idealTree ├── string_decoder@0.10.31
23 silly idealTree ├── stringmap@0.2.2
23 silly idealTree ├── stringset@0.2.1
23 silly idealTree ├── stringstream@0.0.5
23 silly idealTree ├── strip-ansi@0.3.0
23 silly idealTree ├── strip-bom@2.0.0
23 silly idealTree ├── strip-indent@1.0.1
23 silly idealTree ├── strip-json-comments@1.0.4
23 silly idealTree ├─┬ superagent-proxy@0.3.2
23 silly idealTree │ └── debug@2.2.0
23 silly idealTree ├─┬ superagent@0.21.0
23 silly idealTree │ ├── async@0.9.2
23 silly idealTree │ ├── combined-stream@0.0.7
23 silly idealTree │ ├── debug@2.2.0
23 silly idealTree │ ├── delayed-stream@0.0.5
23 silly idealTree │ ├── extend@1.2.1
23 silly idealTree │ ├── form-data@0.1.3
23 silly idealTree │ ├── isarray@0.0.1
23 silly idealTree │ ├── qs@1.2.0
23 silly idealTree │ └── readable-stream@1.0.27-1
23 silly idealTree ├── supports-color@0.2.0
23 silly idealTree ├── tar@0.1.20
23 silly idealTree ├── temporary@0.0.8
23 silly idealTree ├── throttleit@1.0.0
23 silly idealTree ├── through@2.3.8
23 silly idealTree ├── thunkify@2.1.2
23 silly idealTree ├─┬ tiny-lr-fork@0.0.5
23 silly idealTree │ └── qs@0.5.6
23 silly idealTree ├── tmp@0.0.28
23 silly idealTree ├── tough-cookie@2.2.2
23 silly idealTree ├── traverse@0.3.9
23 silly idealTree ├── trim-newlines@1.0.0
23 silly idealTree ├── tryor@0.1.2
23 silly idealTree ├── tunnel-agent@0.4.2
23 silly idealTree ├── tweetnacl@0.14.3
23 silly idealTree ├── typedarray@0.0.6
23 silly idealTree ├─┬ uglify-js@2.6.2
23 silly idealTree │ ├── async@0.2.10
23 silly idealTree │ └── source-map@0.5.3
23 silly idealTree ├── uglify-to-browserify@1.0.2
23 silly idealTree ├── underscore.string@2.2.1
23 silly idealTree ├── underscore@1.7.0
23 silly idealTree ├── unzip@0.0.4
23 silly idealTree ├── util-deprecate@1.0.2
23 silly idealTree ├── validate-npm-package-license@3.0.1
23 silly idealTree ├── verror@1.3.6
23 silly idealTree ├── vows@0.6.4
23 silly idealTree ├─┬ w3cjs@0.3.0
23 silly idealTree │ └── commander@2.6.0
23 silly idealTree ├── which@1.0.9
23 silly idealTree ├── window-size@0.1.0
23 silly idealTree ├── wordwrap@0.0.2
23 silly idealTree ├── wrappy@1.0.1
23 silly idealTree ├── xml-escape@1.1.0
23 silly idealTree ├── xregexp@2.0.0
23 silly idealTree ├── xtend@4.0.1
23 silly idealTree ├── y18n@3.2.1
23 silly idealTree ├─┬ yargs@3.10.0
23 silly idealTree │ └── camelcase@1.2.1
23 silly idealTree └── yauzl@2.4.1
24 silly generateActionsToTake Starting
25 silly install generateActionsToTake
26 silly generateActionsToTake Finishing
27 silly diffTrees action count 0
28 silly decomposeActions action count 0
29 silly executeActions Starting
30 silly install executeActions
31 silly doSerial global-install 0
32 silly doParallel fetch 0
33 verbose correctMkdir /Users/liqiang/.npm/_locks correctMkdir not in flight; initializing
34 verbose lock using /Users/liqiang/.npm/_locks/staging-4dc783983d8414bf.lock for /Users/liqiang/qil/node_modules/.staging
35 silly doParallel extract 0
36 silly doParallel preinstall 0
37 silly doReverseSerial remove 0
38 silly doSerial move 0
39 silly doSerial finalize 0
40 silly doSerial build 0
41 silly doSerial global-link 0
42 silly doParallel update-linked 0
43 silly doSerial install 0
44 silly doSerial postinstall 0
45 verbose unlock done using /Users/liqiang/.npm/_locks/staging-4dc783983d8414bf.lock for /Users/liqiang/qil/node_modules/.staging
46 silly executeActions Finishing
47 silly rollbackFailedOptional Starting
48 silly rollbackFailedOptional Finishing
49 silly runTopLevelLifecycles Starting
50 silly install runTopLevelLifecycles
51 silly preinstall full-stack-web@1.0.0 /Users/liqiang/qil/full-stack-web-abe444e5
52 info lifecycle full-stack-web@1.0.0~preinstall: full-stack-web@1.0.0
53 silly lifecycle full-stack-web@1.0.0~preinstall: no script for preinstall, continuing
54 silly build full-stack-web@1.0.0
55 info linkStuff full-stack-web@1.0.0
56 silly linkStuff full-stack-web@1.0.0 has /Users/liqiang as its parent node_modules
57 verbose linkBins full-stack-web@1.0.0
58 verbose linkMans full-stack-web@1.0.0
59 silly install full-stack-web@1.0.0 /Users/liqiang/qil/full-stack-web-abe444e5
60 info lifecycle full-stack-web@1.0.0~install: full-stack-web@1.0.0
61 silly lifecycle full-stack-web@1.0.0~install: no script for install, continuing
62 silly postinstall full-stack-web@1.0.0 /Users/liqiang/qil/full-stack-web-abe444e5
63 info lifecycle full-stack-web@1.0.0~postinstall: full-stack-web@1.0.0
64 verbose lifecycle full-stack-web@1.0.0~postinstall: unsafe-perm in lifecycle true
65 verbose lifecycle full-stack-web@1.0.0~postinstall: PATH: /usr/local/lib/node_modules/npm/bin/node-gyp-bin:/Users/liqiang/qil/node_modules/.bin:/Library/Frameworks/Python.framework/Versions/2.7/bin:/Library/Frameworks/Python.framework/Versions/2.7/bin:/Users/liqiang/Maven/apache-maven-3.3.9/bin:/usr/local/bin:/usr/bin:/bin:/usr/sbin:/sbin
66 verbose lifecycle full-stack-web@1.0.0~postinstall: CWD: /Users/liqiang/qil
67 silly lifecycle full-stack-web@1.0.0~postinstall: Args: [ '-c', './node_modules/bower/bin/bower install' ]
68 silly lifecycle full-stack-web@1.0.0~postinstall: Returned: code: 1  signal: null
69 info lifecycle full-stack-web@1.0.0~postinstall: Failed to exec postinstall script
70 verbose stack Error: full-stack-web@1.0.0 postinstall: `./node_modules/bower/bin/bower install`
70 verbose stack Exit status 1
70 verbose stack     at EventEmitter.<anonymous> (/usr/local/lib/node_modules/npm/lib/utils/lifecycle.js:232:16)
70 verbose stack     at emitTwo (events.js:100:13)
70 verbose stack     at EventEmitter.emit (events.js:185:7)
70 verbose stack     at ChildProcess.<anonymous> (/usr/local/lib/node_modules/npm/lib/utils/spawn.js:24:14)
70 verbose stack     at emitTwo (events.js:100:13)
70 verbose stack     at ChildProcess.emit (events.js:185:7)
70 verbose stack     at maybeClose (internal/child_process.js:827:16)
70 verbose stack     at Process.ChildProcess._handle.onexit (internal/child_process.js:211:5)
71 verbose pkgid full-stack-web@1.0.0
72 verbose cwd /Users/liqiang/qil
73 error Darwin 14.5.0
74 error argv "/usr/local/bin/node" "/usr/local/bin/npm" "install"
75 error node v5.7.0
76 error npm  v3.6.0
77 error code ELIFECYCLE
78 error full-stack-web@1.0.0 postinstall: `./node_modules/bower/bin/bower install`
78 error Exit status 1
79 error Failed at the full-stack-web@1.0.0 postinstall script './node_modules/bower/bin/bower install'.
79 error Make sure you have the latest version of node.js and npm installed.
79 error If you do, this is most likely a problem with the full-stack-web package,
79 error not with npm itself.
79 error Tell the author that this fails on your system:
79 error     ./node_modules/bower/bin/bower install
79 error You can get information on how to open an issue for this project with:
79 error     npm bugs full-stack-web
79 error Or if that isn't available, you can get their info via:
79 error     npm owner ls full-stack-web
79 error There is likely additional logging output above.
80 verbose exit [ 1, true ]
